===================
Number 1: 
   1
   
   real	0m1.003s
   user	0m0.001s
   sys	0m0.002s
===================
Number 2: 
   2
   
   real	0m1.004s
   user	0m0.002s
   sys	0m0.000s
===================
Number 3: 
   3
   
   real	0m1.003s
   user	0m0.002s
   sys	0m0.000s
===================
Number 4: 
   4
   
   real	0m1.003s
   user	0m0.001s
   sys	0m0.002s
===================
Number 5: 
   5
   
   real	0m1.003s
   user	0m0.002s
   sys	0m0.000s
===================
Number 6: 
   6
   
   real	0m1.002s
   user	0m0.002s
   sys	0m0.000s
===================
Number 7: 
   7
   
   real	0m1.002s
   user	0m0.001s
   sys	0m0.002s
===================
Number 8: 
   8
   
   real	0m1.002s
   user	0m0.002s
   sys	0m0.000s
===================
Number 9: 
   9
   
   real	0m1.004s
   user	0m0.001s
   sys	0m0.002s
===================
Number 10: 
   10
   
   real	0m1.002s
   user	0m0.002s
   sys	0m0.000s
===================
Number 11: 
   11
   
   real	0m1.002s
   user	0m0.002s
   sys	0m0.000s
===================
Number 12: 
   12
   
   real	0m1.002s
   user	0m0.002s
   sys	0m0.000s
===================
Number 13: 
   13
   
   real	0m1.002s
   user	0m0.001s
   sys	0m0.002s
===================
Number 14: 
   14
   
   real	0m1.003s
   user	0m0.002s
   sys	0m0.000s
===================
Number 15: 
   15
   
   real	0m1.002s
   user	0m0.000s
   sys	0m0.001s
===================
Number 16: 
   16
   
   real	0m1.002s
   user	0m0.001s
   sys	0m0.001s
===================
Number 17: 
   17
   
   real	0m1.002s
   user	0m0.002s
   sys	0m0.000s
===================
Number 18: 
   18
   
   real	0m1.002s
   user	0m0.001s
   sys	0m0.002s
===================
Number 19: 
   19
   
   real	0m1.003s
   user	0m0.003s
   sys	0m0.000s
===================
Number 20: 
   20
   
   real	0m1.004s
   user	0m0.000s
   sys	0m0.002s
===================
Number 21: 
   21
   
   real	0m1.003s
   user	0m0.002s
   sys	0m0.001s
===================
Number 22: 
   22
   
   real	0m1.003s
   user	0m0.000s
   sys	0m0.002s
===================
Number 23: 
   23
   
   real	0m1.002s
   user	0m0.002s
   sys	0m0.000s
===================
Number 24: 
   24
   
   real	0m1.004s
   user	0m0.003s
   sys	0m0.000s
===================
Number 25: 
   25
   
   real	0m1.003s
   user	0m0.001s
   sys	0m0.000s
===================
Number 26: 
   26
   
   real	0m1.003s
   user	0m0.002s
   sys	0m0.000s
===================
Number 27: 
   27
   
   real	0m1.002s
   user	0m0.001s
   sys	0m0.000s
===================
Number 28: 
   28
   
   real	0m1.002s
   user	0m0.002s
   sys	0m0.000s
===================
Number 29: 
   29
   
   real	0m1.003s
   user	0m0.000s
   sys	0m0.002s
===================
Number 30: 
   30
   
   real	0m1.002s
   user	0m0.000s
   sys	0m0.002s
===================
Number 31: 
   31
   
   real	0m1.004s
   user	0m0.002s
   sys	0m0.000s
===================
Number 32: 
   32
   
   real	0m1.002s
   user	0m0.002s
   sys	0m0.000s
===================
Number 33: 
   33
   
   real	0m1.002s
   user	0m0.001s
   sys	0m0.002s
===================
Number 34: 
   34
   
   real	0m1.003s
   user	0m0.002s
   sys	0m0.000s
===================
Number 35: 
   35
   
   real	0m1.002s
   user	0m0.001s
   sys	0m0.001s
===================
Number 36: 
   36
   
   real	0m1.003s
   user	0m0.002s
   sys	0m0.000s
===================
Number 37: 
   37
   
   real	0m1.002s
   user	0m0.002s
   sys	0m0.000s
===================
Number 38: 
   38
   
   real	0m1.002s
   user	0m0.000s
   sys	0m0.002s
===================
Number 39: 
   39
   
   real	0m1.002s
   user	0m0.002s
   sys	0m0.000s
===================
Number 40: 
   40
   
   real	0m1.002s
   user	0m0.001s
   sys	0m0.002s
===================
Number 41: 
   41
   
   real	0m1.002s
   user	0m0.002s
   sys	0m0.000s
===================
Number 42: 
   42
   
   real	0m1.002s
   user	0m0.001s
   sys	0m0.002s
===================
Number 43: 
   43
   
   real	0m1.002s
   user	0m0.002s
   sys	0m0.000s
===================
Number 44: 
   44
   
   real	0m1.002s
   user	0m0.002s
   sys	0m0.000s
===================
Number 45: 
   45
   
   real	0m1.002s
   user	0m0.002s
   sys	0m0.000s
===================
Number 46: 
   46
   
   real	0m1.002s
   user	0m0.000s
   sys	0m0.002s
===================
Number 47: 
   47
   
   real	0m1.002s
   user	0m0.002s
   sys	0m0.000s
===================
Number 48: 
   48
   
   real	0m1.002s
   user	0m0.002s
   sys	0m0.000s
===================
Number 49: 
   49
   
   real	0m1.002s
   user	0m0.002s
   sys	0m0.000s
===================
Number 50: 
   50
   
   real	0m1.002s
   user	0m0.001s
   sys	0m0.001s
===================
Number 51: 
   51
   
   real	0m1.003s
   user	0m0.002s
   sys	0m0.001s
===================
Number 52: 
   52
   
   real	0m1.003s
   user	0m0.002s
   sys	0m0.001s
===================
Number 53: 
   53
   
   real	0m1.003s
   user	0m0.003s
   sys	0m0.000s
===================
Number 54: 
   54
   
   real	0m1.002s
   user	0m0.002s
   sys	0m0.000s
===================
Number 55: 
   55
   
   real	0m1.003s
   user	0m0.002s
   sys	0m0.000s
===================
Number 56: 
   56
   
   real	0m1.002s
   user	0m0.002s
   sys	0m0.000s
===================
Number 57: 
   57
   
   real	0m1.002s
   user	0m0.002s
   sys	0m0.000s
===================
Number 58: 
   58
   
   real	0m1.003s
   user	0m0.001s
   sys	0m0.002s
===================
Number 59: 
   59
   
   real	0m1.003s
   user	0m0.002s
   sys	0m0.000s
===================
Number 60: 
   60
   
   real	0m1.002s
   user	0m0.002s
   sys	0m0.000s
===================
Number 61: 
   61
   
   real	0m1.002s
   user	0m0.001s
   sys	0m0.001s
===================
Number 62: 
   62
   
   real	0m1.002s
   user	0m0.001s
   sys	0m0.002s
===================
Number 63: 
   63
   
   real	0m1.002s
   user	0m0.002s
   sys	0m0.000s
===================
Number 64: 
   64
   
   real	0m1.002s
   user	0m0.000s
   sys	0m0.002s
===================
Number 65: 
   65
   
   real	0m1.002s
   user	0m0.002s
   sys	0m0.000s
===================
Number 66: 
   66
   
   real	0m1.002s
   user	0m0.002s
   sys	0m0.000s
===================
Number 67: 
   67
   
   real	0m1.002s
   user	0m0.001s
   sys	0m0.001s
===================
Number 68: 
   68
   
   real	0m1.002s
   user	0m0.002s
   sys	0m0.000s
===================
Number 69: 
   69
   
   real	0m1.002s
   user	0m0.000s
   sys	0m0.001s
===================
Number 70: 
   70
   
   real	0m1.002s
   user	0m0.002s
   sys	0m0.000s
===================
Number 71: 
   71
   
   real	0m1.002s
   user	0m0.001s
   sys	0m0.001s
===================
Number 72: 
   72
   
   real	0m1.002s
   user	0m0.002s
   sys	0m0.000s
===================
Number 73: 
   73
   
   real	0m1.002s
   user	0m0.000s
   sys	0m0.002s
===================
Number 74: 
   74
   
   real	0m1.003s
   user	0m0.000s
   sys	0m0.002s
===================
Number 75: 
   75
   
   real	0m1.002s
   user	0m0.002s
   sys	0m0.001s
===================
Number 76: 
   76
   
   real	0m1.001s
   user	0m0.001s
   sys	0m0.000s
===================
Number 77: 
   77
   
   real	0m1.002s
   user	0m0.002s
   sys	0m0.000s
===================
Number 78: 
   78
   
   real	0m1.002s
   user	0m0.002s
   sys	0m0.000s
===================
Number 79: 
   79
   
   real	0m1.002s
   user	0m0.000s
   sys	0m0.002s
===================
Number 80: 
   80
   
   real	0m1.002s
   user	0m0.002s
   sys	0m0.000s
===================
Number 81: 
   81
   
   real	0m1.003s
   user	0m0.001s
   sys	0m0.002s
===================
Number 82: 
   82
   
   real	0m1.002s
   user	0m0.002s
   sys	0m0.000s
===================
Number 83: 
   83
   
   real	0m1.002s
   user	0m0.001s
   sys	0m0.001s
===================
Number 84: 
   84
   
   real	0m1.002s
   user	0m0.002s
   sys	0m0.000s
===================
Number 85: 
   85
   
   real	0m1.002s
   user	0m0.002s
   sys	0m0.000s
===================
Number 86: 
   86
   
   real	0m1.002s
   user	0m0.000s
   sys	0m0.002s
===================
Number 87: 
   87
   
   real	0m1.003s
   user	0m0.001s
   sys	0m0.002s
===================
Number 88: 
   88
   
   real	0m1.004s
   user	0m0.001s
   sys	0m0.001s
===================
Number 89: 
   89
   
   real	0m1.002s
   user	0m0.000s
   sys	0m0.002s
===================
Number 90: 
   90
   
   real	0m1.002s
   user	0m0.002s
   sys	0m0.000s
===================
Number 91: 
   91
   
   real	0m1.002s
   user	0m0.000s
   sys	0m0.001s
===================
Number 92: 
   92
   
   real	0m1.002s
   user	0m0.001s
   sys	0m0.001s
===================
Number 93: 
   93
   
   real	0m1.002s
   user	0m0.002s
   sys	0m0.001s
===================
Number 94: 
   94
   
   real	0m1.003s
   user	0m0.001s
   sys	0m0.002s
===================
Number 95: 
   95
   
   real	0m1.002s
   user	0m0.002s
   sys	0m0.000s
===================
Number 96: 
   96
   
   real	0m1.002s
   user	0m0.002s
   sys	0m0.000s
===================
Number 97: 
   97
   
   real	0m1.002s
   user	0m0.001s
   sys	0m0.000s
===================
Number 98: 
   98
   
   real	0m1.004s
   user	0m0.001s
   sys	0m0.002s
===================
Number 99: 
   99
   
   real	0m1.003s
   user	0m0.000s
   sys	0m0.001s
===================
Number 100: 
   100
   
   real	0m1.002s
   user	0m0.002s
   sys	0m0.001s
